<?xml version="1.0" encoding="UTF-8"?>
<!-- Generated by org.testng.reporters.JUnitReportReporter -->
<testsuite hostname="DESKTOP-KUNTQ7C" failures="0" tests="1" name="pratice.datadriventesting.RaedDataFromTestNGXmlTest" time="0.016" errors="0" timestamp="2024-08-29T15:20:09 IST" skipped="0">
  <testcase classname="pratice.datadriventesting.RaedDataFromTestNGXmlTest" name="sampleTest" time="0.016"/>
</testsuite> <!-- pratice.datadriventesting.RaedDataFromTestNGXmlTest -->
